<?xml version="1.0" encoding="UTF-8"?>
<coverage generated="1771372011066" clover="3.2.0">
  <project timestamp="1771372011066" name="All files">
    <metrics statements="184" coveredstatements="173" conditionals="145" coveredconditionals="123" methods="57" coveredmethods="48" elements="386" coveredelements="344" complexity="0" loc="184" ncloc="184" packages="9" files="18" classes="18"/>
    <package name="app.(auth)">
      <metrics statements="39" coveredstatements="39" conditionals="22" coveredconditionals="20" methods="4" coveredmethods="4"/>
      <file name="login.tsx" path="/home/ricardo/barberpro-mobile/app/(auth)/login.tsx">
        <metrics statements="16" coveredstatements="16" conditionals="6" coveredconditionals="5" methods="2" coveredmethods="2"/>
        <line num="20" count="13" type="stmt"/>
        <line num="21" count="13" type="stmt"/>
        <line num="22" count="13" type="stmt"/>
        <line num="23" count="13" type="stmt"/>
        <line num="24" count="13" type="stmt"/>
        <line num="25" count="13" type="stmt"/>
        <line num="27" count="13" type="stmt"/>
        <line num="28" count="3" type="cond" truecount="4" falsecount="0"/>
        <line num="29" count="1" type="stmt"/>
        <line num="34" count="1" type="stmt"/>
        <line num="37" count="2" type="stmt"/>
        <line num="38" count="2" type="stmt"/>
        <line num="39" count="2" type="stmt"/>
        <line num="41" count="1" type="stmt"/>
        <line num="47" count="2" type="stmt"/>
        <line num="51" count="13" type="stmt"/>
      </file>
      <file name="register.tsx" path="/home/ricardo/barberpro-mobile/app/(auth)/register.tsx">
        <metrics statements="23" coveredstatements="23" conditionals="16" coveredconditionals="15" methods="2" coveredmethods="2"/>
        <line num="17" count="44" type="stmt"/>
        <line num="18" count="44" type="stmt"/>
        <line num="19" count="44" type="stmt"/>
        <line num="20" count="44" type="stmt"/>
        <line num="21" count="44" type="stmt"/>
        <line num="22" count="44" type="stmt"/>
        <line num="23" count="44" type="stmt"/>
        <line num="25" count="44" type="stmt"/>
        <line num="26" count="8" type="cond" truecount="5" falsecount="0"/>
        <line num="27" count="1" type="stmt"/>
        <line num="32" count="1" type="stmt"/>
        <line num="35" count="7" type="cond" truecount="2" falsecount="0"/>
        <line num="36" count="1" type="stmt"/>
        <line num="41" count="1" type="stmt"/>
        <line num="44" count="6" type="cond" truecount="5" falsecount="0"/>
        <line num="45" count="3" type="stmt"/>
        <line num="50" count="3" type="stmt"/>
        <line num="53" count="3" type="stmt"/>
        <line num="54" count="3" type="stmt"/>
        <line num="55" count="3" type="stmt"/>
        <line num="62" count="1" type="stmt"/>
        <line num="68" count="3" type="stmt"/>
        <line num="72" count="44" type="stmt"/>
      </file>
    </package>
    <package name="src.components.appointments">
      <metrics statements="9" coveredstatements="9" conditionals="9" coveredconditionals="9" methods="3" coveredmethods="3"/>
      <file name="AppointmentCard.tsx" path="/home/ricardo/barberpro-mobile/src/components/appointments/AppointmentCard.tsx">
        <metrics statements="9" coveredstatements="9" conditionals="9" coveredconditionals="9" methods="3" coveredmethods="3"/>
        <line num="29" count="12" type="stmt"/>
        <line num="30" count="12" type="stmt"/>
        <line num="31" count="12" type="stmt"/>
        <line num="32" count="12" type="stmt"/>
        <line num="34" count="12" type="cond" truecount="3" falsecount="0"/>
        <line num="36" count="12" type="stmt"/>
        <line num="37" count="2" type="stmt"/>
        <line num="45" count="1" type="stmt"/>
        <line num="51" count="12" type="stmt"/>
      </file>
    </package>
    <package name="src.components.services">
      <metrics statements="5" coveredstatements="5" conditionals="8" coveredconditionals="7" methods="1" coveredmethods="1"/>
      <file name="ServiceCard.tsx" path="/home/ricardo/barberpro-mobile/src/components/services/ServiceCard.tsx">
        <metrics statements="5" coveredstatements="5" conditionals="8" coveredconditionals="7" methods="1" coveredmethods="1"/>
        <line num="25" count="7" type="stmt"/>
        <line num="26" count="7" type="stmt"/>
        <line num="27" count="7" type="stmt"/>
        <line num="28" count="7" type="stmt"/>
        <line num="34" count="7" type="stmt"/>
      </file>
    </package>
    <package name="src.components.shared">
      <metrics statements="3" coveredstatements="3" conditionals="7" coveredconditionals="7" methods="1" coveredmethods="1"/>
      <file name="EmptyState.tsx" path="/home/ricardo/barberpro-mobile/src/components/shared/EmptyState.tsx">
        <metrics statements="3" coveredstatements="3" conditionals="7" coveredconditionals="7" methods="1" coveredmethods="1"/>
        <line num="23" count="7" type="stmt"/>
        <line num="24" count="7" type="stmt"/>
        <line num="26" count="7" type="stmt"/>
      </file>
    </package>
    <package name="src.components.ui">
      <metrics statements="27" coveredstatements="22" conditionals="57" coveredconditionals="44" methods="14" coveredmethods="9"/>
      <file name="Avatar.tsx" path="/home/ricardo/barberpro-mobile/src/components/ui/Avatar.tsx">
        <metrics statements="5" coveredstatements="5" conditionals="5" coveredconditionals="5" methods="3" coveredmethods="3"/>
        <line num="13" count="5" type="stmt"/>
        <line num="15" count="10" type="stmt"/>
        <line num="22" count="6" type="cond" truecount="2" falsecount="0"/>
        <line num="23" count="1" type="stmt"/>
        <line num="33" count="5" type="stmt"/>
      </file>
      <file name="Badge.tsx" path="/home/ricardo/barberpro-mobile/src/components/ui/Badge.tsx">
        <metrics statements="3" coveredstatements="3" conditionals="7" coveredconditionals="7" methods="1" coveredmethods="1"/>
        <line num="12" count="2" type="stmt"/>
        <line num="19" count="2" type="stmt"/>
        <line num="33" count="17" type="stmt"/>
      </file>
      <file name="Button.tsx" path="/home/ricardo/barberpro-mobile/src/components/ui/Button.tsx">
        <metrics statements="6" coveredstatements="6" conditionals="17" coveredconditionals="15" methods="1" coveredmethods="1"/>
        <line num="16" count="5" type="stmt"/>
        <line num="24" count="5" type="stmt"/>
        <line num="32" count="5" type="stmt"/>
        <line num="39" count="5" type="stmt"/>
        <line num="55" count="68" type="cond" truecount="2" falsecount="0"/>
        <line num="57" count="68" type="stmt"/>
      </file>
      <file name="Card.tsx" path="/home/ricardo/barberpro-mobile/src/components/ui/Card.tsx">
        <metrics statements="6" coveredstatements="1" conditionals="12" coveredconditionals="1" methods="6" coveredmethods="1"/>
        <line num="10" count="19" type="stmt"/>
        <line num="20" count="0" type="cond" truecount="0" falsecount="2"/>
        <line num="30" count="0" type="stmt"/>
        <line num="44" count="0" type="stmt"/>
        <line num="52" count="0" type="cond" truecount="0" falsecount="2"/>
        <line num="56" count="0" type="stmt"/>
      </file>
      <file name="Input.tsx" path="/home/ricardo/barberpro-mobile/src/components/ui/Input.tsx">
        <metrics statements="5" coveredstatements="5" conditionals="14" coveredconditionals="14" methods="2" coveredmethods="2"/>
        <line num="21" count="253" type="stmt"/>
        <line num="22" count="253" type="stmt"/>
        <line num="23" count="253" type="stmt"/>
        <line num="25" count="253" type="stmt"/>
        <line num="44" count="1" type="stmt"/>
      </file>
      <file name="ProgressBar.tsx" path="/home/ricardo/barberpro-mobile/src/components/ui/ProgressBar.tsx">
        <metrics statements="2" coveredstatements="2" conditionals="2" coveredconditionals="2" methods="1" coveredmethods="1"/>
        <line num="10" count="5" type="stmt"/>
        <line num="12" count="5" type="stmt"/>
      </file>
    </package>
    <package name="src.constants">
      <metrics statements="4" coveredstatements="4" conditionals="0" coveredconditionals="0" methods="0" coveredmethods="0"/>
      <file name="colors.ts" path="/home/ricardo/barberpro-mobile/src/constants/colors.ts">
        <metrics statements="1" coveredstatements="1" conditionals="0" coveredconditionals="0" methods="0" coveredmethods="0"/>
        <line num="1" count="6" type="stmt"/>
      </file>
      <file name="status.ts" path="/home/ricardo/barberpro-mobile/src/constants/status.ts">
        <metrics statements="3" coveredstatements="3" conditionals="0" coveredconditionals="0" methods="0" coveredmethods="0"/>
        <line num="3" count="1" type="stmt"/>
        <line num="11" count="1" type="stmt"/>
        <line num="19" count="1" type="stmt"/>
      </file>
    </package>
    <package name="src.hooks">
      <metrics statements="10" coveredstatements="8" conditionals="10" coveredconditionals="10" methods="4" coveredmethods="2"/>
      <file name="use-promotion.ts" path="/home/ricardo/barberpro-mobile/src/hooks/use-promotion.ts">
        <metrics statements="10" coveredstatements="8" conditionals="10" coveredconditionals="10" methods="4" coveredmethods="2"/>
        <line num="17" count="0" type="stmt"/>
        <line num="20" count="0" type="stmt"/>
        <line num="29" count="9" type="cond" truecount="4" falsecount="0"/>
        <line num="30" count="6" type="stmt"/>
        <line num="31" count="6" type="stmt"/>
        <line num="39" count="12" type="cond" truecount="4" falsecount="0"/>
        <line num="40" count="8" type="stmt"/>
        <line num="43" count="4" type="stmt"/>
        <line num="44" count="4" type="cond" truecount="2" falsecount="0"/>
        <line num="48" count="4" type="stmt"/>
      </file>
    </package>
    <package name="src.lib">
      <metrics statements="32" coveredstatements="32" conditionals="16" coveredconditionals="15" methods="10" coveredmethods="10"/>
      <file name="api-client.ts" path="/home/ricardo/barberpro-mobile/src/lib/api-client.ts">
        <metrics statements="19" coveredstatements="19" conditionals="14" coveredconditionals="13" methods="3" coveredmethods="3"/>
        <line num="6" count="1" type="stmt"/>
        <line num="7" count="1" type="stmt"/>
        <line num="20" count="8" type="cond" truecount="1" falsecount="0"/>
        <line num="22" count="8" type="stmt"/>
        <line num="27" count="8" type="cond" truecount="2" falsecount="0"/>
        <line num="28" count="7" type="stmt"/>
        <line num="29" count="7" type="cond" truecount="2" falsecount="0"/>
        <line num="30" count="2" type="stmt"/>
        <line num="34" count="8" type="stmt"/>
        <line num="35" count="8" type="stmt"/>
        <line num="37" count="8" type="cond" truecount="2" falsecount="0"/>
        <line num="38" count="1" type="stmt"/>
        <line num="39" count="1" type="stmt"/>
        <line num="42" count="7" type="cond" truecount="2" falsecount="0"/>
        <line num="43" count="2" type="stmt"/>
        <line num="46" count="2" type="cond" truecount="1" falsecount="1"/>
        <line num="50" count="5" type="stmt"/>
        <line num="51" count="5" type="cond" truecount="2" falsecount="0"/>
        <line num="53" count="4" type="stmt"/>
      </file>
      <file name="auth-storage.ts" path="/home/ricardo/barberpro-mobile/src/lib/auth-storage.ts">
        <metrics statements="13" coveredstatements="13" conditionals="2" coveredconditionals="2" methods="7" coveredmethods="7"/>
        <line num="4" count="5" type="stmt"/>
        <line num="5" count="5" type="stmt"/>
        <line num="8" count="3" type="stmt"/>
        <line num="12" count="14" type="stmt"/>
        <line num="16" count="8" type="stmt"/>
        <line num="20" count="3" type="stmt"/>
        <line num="24" count="9" type="stmt"/>
        <line num="25" count="9" type="cond" truecount="2" falsecount="0"/>
        <line num="26" count="4" type="stmt"/>
        <line num="27" count="4" type="stmt"/>
        <line num="29" count="1" type="stmt"/>
        <line num="34" count="8" type="stmt"/>
        <line num="38" count="7" type="stmt"/>
      </file>
    </package>
    <package name="src.providers">
      <metrics statements="55" coveredstatements="51" conditionals="16" coveredconditionals="11" methods="20" coveredmethods="18"/>
      <file name="AuthProvider.tsx" path="/home/ricardo/barberpro-mobile/src/providers/AuthProvider.tsx">
        <metrics statements="37" coveredstatements="33" conditionals="14" coveredconditionals="9" methods="9" coveredmethods="7"/>
        <line num="27" count="1" type="stmt"/>
        <line num="30" count="15" type="stmt"/>
        <line num="31" count="15" type="stmt"/>
        <line num="32" count="15" type="stmt"/>
        <line num="35" count="15" type="stmt"/>
        <line num="36" count="6" type="stmt"/>
        <line num="37" count="6" type="stmt"/>
        <line num="38" count="6" type="stmt"/>
        <line num="39" count="6" type="cond" truecount="4" falsecount="0"/>
        <line num="40" count="2" type="stmt"/>
        <line num="42" count="4" type="stmt"/>
        <line num="45" count="0" type="stmt"/>
        <line num="47" count="6" type="stmt"/>
        <line num="52" count="15" type="stmt"/>
        <line num="53" count="3" type="stmt"/>
        <line num="59" count="3" type="cond" truecount="2" falsecount="0"/>
        <line num="60" count="1" type="stmt"/>
        <line num="63" count="1" type="cond" truecount="1" falsecount="1"/>
        <line num="66" count="2" type="stmt"/>
        <line num="67" count="2" type="stmt"/>
        <line num="68" count="2" type="stmt"/>
        <line num="69" count="2" type="stmt"/>
        <line num="72" count="15" type="stmt"/>
        <line num="79" count="1" type="stmt"/>
        <line num="85" count="1" type="cond" truecount="1" falsecount="1"/>
        <line num="86" count="0" type="stmt"/>
        <line num="89" count="0" type="cond" truecount="0" falsecount="2"/>
        <line num="93" count="1" type="stmt"/>
        <line num="98" count="15" type="stmt"/>
        <line num="99" count="1" type="stmt"/>
        <line num="100" count="1" type="stmt"/>
        <line num="101" count="1" type="stmt"/>
        <line num="104" count="15" type="stmt"/>
        <line num="121" count="15" type="stmt"/>
        <line num="122" count="15" type="cond" truecount="1" falsecount="1"/>
        <line num="123" count="0" type="stmt"/>
        <line num="125" count="15" type="stmt"/>
      </file>
      <file name="BookingProvider.tsx" path="/home/ricardo/barberpro-mobile/src/providers/BookingProvider.tsx">
        <metrics statements="18" coveredstatements="18" conditionals="2" coveredconditionals="2" methods="11" coveredmethods="11"/>
        <line num="24" count="1" type="stmt"/>
        <line num="37" count="1" type="stmt"/>
        <line num="40" count="15" type="stmt"/>
        <line num="42" count="15" type="stmt"/>
        <line num="44" count="3" type="stmt"/>
        <line num="55" count="15" type="stmt"/>
        <line num="57" count="3" type="stmt"/>
        <line num="62" count="15" type="stmt"/>
        <line num="64" count="1" type="stmt"/>
        <line num="69" count="15" type="stmt"/>
        <line num="70" count="2" type="stmt"/>
        <line num="73" count="15" type="stmt"/>
        <line num="74" count="1" type="stmt"/>
        <line num="77" count="15" type="stmt"/>
        <line num="87" count="17" type="stmt"/>
        <line num="88" count="17" type="cond" truecount="2" falsecount="0"/>
        <line num="89" count="2" type="stmt"/>
        <line num="91" count="15" type="stmt"/>
      </file>
    </package>
  </project>
</coverage>
