{"/home/ricardo/barberpro-mobile/app/(auth)/login.tsx": {"path":"/home/ricardo/barberpro-mobile/app/(auth)/login.tsx","statementMap":{"0":{"start":{"line":20,"column":20},"end":{"line":20,"column":29}},"1":{"start":{"line":21,"column":20},"end":{"line":21,"column":30}},"2":{"start":{"line":22,"column":17},"end":{"line":22,"column":30}},"3":{"start":{"line":23,"column":28},"end":{"line":23,"column":40}},"4":{"start":{"line":24,"column":34},"end":{"line":24,"column":46}},"5":{"start":{"line":25,"column":32},"end":{"line":25,"column":47}},"6":{"start":{"line":27,"column":22},"end":{"line":49,"column":3}},"7":{"start":{"line":28,"column":4},"end":{"line":35,"column":5}},"8":{"start":{"line":29,"column":6},"end":{"line":33,"column":9}},"9":{"start":{"line":34,"column":6},"end":{"line":34,"column":13}},"10":{"start":{"line":37,"column":4},"end":{"line":37,"column":21}},"11":{"start":{"line":38,"column":4},"end":{"line":48,"column":5}},"12":{"start":{"line":39,"column":6},"end":{"line":39,"column":42}},"13":{"start":{"line":41,"column":6},"end":{"line":45,"column":9}},"14":{"start":{"line":47,"column":6},"end":{"line":47,"column":24}},"15":{"start":{"line":51,"column":2},"end":{"line":112,"column":4}}},"fnMap":{"0":{"name":"LoginScreen","decl":{"start":{"line":19,"column":24},"end":{"line":19,"column":35}},"loc":{"start":{"line":19,"column":38},"end":{"line":113,"column":1}},"line":19},"1":{"name":"(anonymous_1)","decl":{"start":{"line":27,"column":22},"end":{"line":27,"column":23}},"loc":{"start":{"line":27,"column":34},"end":{"line":49,"column":3}},"line":27}},"branchMap":{"0":{"loc":{"start":{"line":28,"column":4},"end":{"line":35,"column":5}},"type":"if","locations":[{"start":{"line":28,"column":4},"end":{"line":35,"column":5}},{"start":{},"end":{}}],"line":28},"1":{"loc":{"start":{"line":28,"column":8},"end":{"line":28,"column":41}},"type":"binary-expr","locations":[{"start":{"line":28,"column":8},"end":{"line":28,"column":21}},{"start":{"line":28,"column":25},"end":{"line":28,"column":41}}],"line":28},"2":{"loc":{"start":{"line":55,"column":18},"end":{"line":55,"column":62}},"type":"cond-expr","locations":[{"start":{"line":55,"column":42},"end":{"line":55,"column":51}},{"start":{"line":55,"column":54},"end":{"line":55,"column":62}}],"line":55}},"s":{"0":13,"1":13,"2":13,"3":13,"4":13,"5":13,"6":13,"7":3,"8":1,"9":1,"10":2,"11":2,"12":2,"13":1,"14":2,"15":13},"f":{"0":13,"1":3},"b":{"0":[1,2],"1":[3,2],"2":[13,0]},"_coverageSchema":"1a1c01bbd47fc00a2c39e90264f33305004495a9","hash":"dbe2a7cc4c211f0eaa79495db6e643f4a46768f6"}
,"/home/ricardo/barberpro-mobile/app/(auth)/register.tsx": {"path":"/home/ricardo/barberpro-mobile/app/(auth)/register.tsx","statementMap":{"0":{"start":{"line":17,"column":23},"end":{"line":17,"column":32}},"1":{"start":{"line":18,"column":26},"end":{"line":18,"column":38}},"2":{"start":{"line":19,"column":28},"end":{"line":19,"column":40}},"3":{"start":{"line":20,"column":28},"end":{"line":20,"column":40}},"4":{"start":{"line":21,"column":34},"end":{"line":21,"column":46}},"5":{"start":{"line":22,"column":48},"end":{"line":22,"column":60}},"6":{"start":{"line":23,"column":32},"end":{"line":23,"column":47}},"7":{"start":{"line":25,"column":25},"end":{"line":70,"column":3}},"8":{"start":{"line":26,"column":4},"end":{"line":33,"column":5}},"9":{"start":{"line":27,"column":6},"end":{"line":31,"column":9}},"10":{"start":{"line":32,"column":6},"end":{"line":32,"column":13}},"11":{"start":{"line":35,"column":4},"end":{"line":42,"column":5}},"12":{"start":{"line":36,"column":6},"end":{"line":40,"column":9}},"13":{"start":{"line":41,"column":6},"end":{"line":41,"column":13}},"14":{"start":{"line":44,"column":4},"end":{"line":51,"column":5}},"15":{"start":{"line":45,"column":6},"end":{"line":49,"column":9}},"16":{"start":{"line":50,"column":6},"end":{"line":50,"column":13}},"17":{"start":{"line":53,"column":4},"end":{"line":53,"column":21}},"18":{"start":{"line":54,"column":4},"end":{"line":69,"column":5}},"19":{"start":{"line":55,"column":6},"end":{"line":60,"column":9}},"20":{"start":{"line":62,"column":6},"end":{"line":66,"column":9}},"21":{"start":{"line":68,"column":6},"end":{"line":68,"column":24}},"22":{"start":{"line":72,"column":2},"end":{"line":154,"column":4}}},"fnMap":{"0":{"name":"RegisterScreen","decl":{"start":{"line":16,"column":24},"end":{"line":16,"column":38}},"loc":{"start":{"line":16,"column":41},"end":{"line":155,"column":1}},"line":16},"1":{"name":"(anonymous_1)","decl":{"start":{"line":25,"column":25},"end":{"line":25,"column":26}},"loc":{"start":{"line":25,"column":37},"end":{"line":70,"column":3}},"line":25}},"branchMap":{"0":{"loc":{"start":{"line":26,"column":4},"end":{"line":33,"column":5}},"type":"if","locations":[{"start":{"line":26,"column":4},"end":{"line":33,"column":5}},{"start":{},"end":{}}],"line":26},"1":{"loc":{"start":{"line":26,"column":8},"end":{"line":26,"column":57}},"type":"binary-expr","locations":[{"start":{"line":26,"column":8},"end":{"line":26,"column":20}},{"start":{"line":26,"column":24},"end":{"line":26,"column":37}},{"start":{"line":26,"column":41},"end":{"line":26,"column":57}}],"line":26},"2":{"loc":{"start":{"line":35,"column":4},"end":{"line":42,"column":5}},"type":"if","locations":[{"start":{"line":35,"column":4},"end":{"line":42,"column":5}},{"start":{},"end":{}}],"line":35},"3":{"loc":{"start":{"line":44,"column":4},"end":{"line":51,"column":5}},"type":"if","locations":[{"start":{"line":44,"column":4},"end":{"line":51,"column":5}},{"start":{},"end":{}}],"line":44},"4":{"loc":{"start":{"line":44,"column":8},"end":{"line":44,"column":81}},"type":"binary-expr","locations":[{"start":{"line":44,"column":8},"end":{"line":44,"column":27}},{"start":{"line":44,"column":31},"end":{"line":44,"column":54}},{"start":{"line":44,"column":58},"end":{"line":44,"column":81}}],"line":44},"5":{"loc":{"start":{"line":59,"column":15},"end":{"line":59,"column":40}},"type":"binary-expr","locations":[{"start":{"line":59,"column":15},"end":{"line":59,"column":27}},{"start":{"line":59,"column":31},"end":{"line":59,"column":40}}],"line":59},"6":{"loc":{"start":{"line":76,"column":18},"end":{"line":76,"column":62}},"type":"cond-expr","locations":[{"start":{"line":76,"column":42},"end":{"line":76,"column":51}},{"start":{"line":76,"column":54},"end":{"line":76,"column":62}}],"line":76}},"s":{"0":44,"1":44,"2":44,"3":44,"4":44,"5":44,"6":44,"7":44,"8":8,"9":1,"10":1,"11":7,"12":1,"13":1,"14":6,"15":3,"16":3,"17":3,"18":3,"19":3,"20":1,"21":3,"22":44},"f":{"0":44,"1":8},"b":{"0":[1,7],"1":[8,7,7],"2":[1,6],"3":[3,3],"4":[6,5,4],"5":[3,2],"6":[44,0]},"_coverageSchema":"1a1c01bbd47fc00a2c39e90264f33305004495a9","hash":"3c9d5ed51fc2db0eed7fefa334768336831e2c6a"}
,"/home/ricardo/barberpro-mobile/src/components/appointments/AppointmentCard.tsx": {"path":"/home/ricardo/barberpro-mobile/src/components/appointments/AppointmentCard.tsx","statementMap":{"0":{"start":{"line":29,"column":20},"end":{"line":29,"column":30}},"1":{"start":{"line":30,"column":17},"end":{"line":30,"column":30}},"2":{"start":{"line":31,"column":17},"end":{"line":31,"column":56}},"3":{"start":{"line":32,"column":20},"end":{"line":32,"column":51}},"4":{"start":{"line":34,"column":4},"end":{"line":34,"column":64}},"5":{"start":{"line":36,"column":23},"end":{"line":49,"column":3}},"6":{"start":{"line":37,"column":4},"end":{"line":48,"column":6}},"7":{"start":{"line":45,"column":25},"end":{"line":45,"column":51}},"8":{"start":{"line":51,"column":2},"end":{"line":118,"column":4}}},"fnMap":{"0":{"name":"AppointmentCard","decl":{"start":{"line":24,"column":16},"end":{"line":24,"column":31}},"loc":{"start":{"line":28,"column":25},"end":{"line":119,"column":1}},"line":28},"1":{"name":"(anonymous_1)","decl":{"start":{"line":36,"column":23},"end":{"line":36,"column":24}},"loc":{"start":{"line":36,"column":29},"end":{"line":49,"column":3}},"line":36},"2":{"name":"(anonymous_2)","decl":{"start":{"line":45,"column":19},"end":{"line":45,"column":20}},"loc":{"start":{"line":45,"column":25},"end":{"line":45,"column":51}},"line":45}},"branchMap":{"0":{"loc":{"start":{"line":34,"column":4},"end":{"line":34,"column":64}},"type":"binary-expr","locations":[{"start":{"line":34,"column":5},"end":{"line":34,"column":25}},{"start":{"line":34,"column":29},"end":{"line":34,"column":51}},{"start":{"line":34,"column":56},"end":{"line":34,"column":64}}],"line":34},"1":{"loc":{"start":{"line":76,"column":11},"end":{"line":83,"column":11}},"type":"binary-expr","locations":[{"start":{"line":76,"column":11},"end":{"line":76,"column":28}},{"start":{"line":77,"column":12},"end":{"line":82,"column":19}}],"line":76},"2":{"loc":{"start":{"line":98,"column":7},"end":{"line":104,"column":7}},"type":"binary-expr","locations":[{"start":{"line":98,"column":7},"end":{"line":98,"column":30}},{"start":{"line":99,"column":8},"end":{"line":103,"column":15}}],"line":98},"3":{"loc":{"start":{"line":106,"column":7},"end":{"line":116,"column":7}},"type":"binary-expr","locations":[{"start":{"line":106,"column":7},"end":{"line":106,"column":16}},{"start":{"line":107,"column":8},"end":{"line":115,"column":17}}],"line":106}},"s":{"0":12,"1":12,"2":12,"3":12,"4":12,"5":12,"6":2,"7":1,"8":12},"f":{"0":12,"1":2,"2":1},"b":{"0":[12,3,10],"1":[12,12],"2":[12,1],"3":[12,4]},"_coverageSchema":"1a1c01bbd47fc00a2c39e90264f33305004495a9","hash":"71c49c96fea66c5b098e2548f33eec7dd6bab585"}
,"/home/ricardo/barberpro-mobile/src/components/services/ServiceCard.tsx": {"path":"/home/ricardo/barberpro-mobile/src/components/services/ServiceCard.tsx","statementMap":{"0":{"start":{"line":25,"column":20},"end":{"line":25,"column":30}},"1":{"start":{"line":26,"column":17},"end":{"line":26,"column":30}},"2":{"start":{"line":27,"column":16},"end":{"line":27,"column":37}},"3":{"start":{"line":28,"column":38},"end":{"line":32,"column":3}},"4":{"start":{"line":34,"column":2},"end":{"line":83,"column":4}}},"fnMap":{"0":{"name":"ServiceCard","decl":{"start":{"line":19,"column":16},"end":{"line":19,"column":27}},"loc":{"start":{"line":24,"column":21},"end":{"line":84,"column":1}},"line":24}},"branchMap":{"0":{"loc":{"start":{"line":37,"column":38},"end":{"line":37,"column":79}},"type":"cond-expr","locations":[{"start":{"line":37,"column":49},"end":{"line":37,"column":74}},{"start":{"line":37,"column":77},"end":{"line":37,"column":79}}],"line":37},"1":{"loc":{"start":{"line":39,"column":9},"end":{"line":49,"column":9}},"type":"cond-expr","locations":[{"start":{"line":40,"column":10},"end":{"line":44,"column":12}},{"start":{"line":46,"column":10},"end":{"line":48,"column":17}}],"line":39},"2":{"loc":{"start":{"line":54,"column":11},"end":{"line":61,"column":11}},"type":"binary-expr","locations":[{"start":{"line":54,"column":11},"end":{"line":54,"column":30}},{"start":{"line":55,"column":12},"end":{"line":60,"column":19}}],"line":54},"3":{"loc":{"start":{"line":70,"column":15},"end":{"line":74,"column":15}},"type":"binary-expr","locations":[{"start":{"line":70,"column":15},"end":{"line":70,"column":26}},{"start":{"line":71,"column":16},"end":{"line":73,"column":23}}],"line":70}},"s":{"0":7,"1":7,"2":7,"3":7,"4":7},"f":{"0":7},"b":{"0":[0,7],"1":[1,6],"2":[7,7],"3":[7,1]},"_coverageSchema":"1a1c01bbd47fc00a2c39e90264f33305004495a9","hash":"bd92e7975f1e74a85d08e716f564622aee535c16"}
,"/home/ricardo/barberpro-mobile/src/components/shared/EmptyState.tsx": {"path":"/home/ricardo/barberpro-mobile/src/components/shared/EmptyState.tsx","statementMap":{"0":{"start":{"line":23,"column":20},"end":{"line":23,"column":30}},"1":{"start":{"line":24,"column":17},"end":{"line":24,"column":30}},"2":{"start":{"line":26,"column":2},"end":{"line":45,"column":4}}},"fnMap":{"0":{"name":"EmptyState","decl":{"start":{"line":16,"column":16},"end":{"line":16,"column":26}},"loc":{"start":{"line":22,"column":20},"end":{"line":46,"column":1}},"line":22}},"branchMap":{"0":{"loc":{"start":{"line":28,"column":7},"end":{"line":30,"column":7}},"type":"binary-expr","locations":[{"start":{"line":28,"column":7},"end":{"line":28,"column":11}},{"start":{"line":29,"column":8},"end":{"line":29,"column":75}}],"line":28},"1":{"loc":{"start":{"line":34,"column":7},"end":{"line":38,"column":7}},"type":"binary-expr","locations":[{"start":{"line":34,"column":7},"end":{"line":34,"column":18}},{"start":{"line":35,"column":8},"end":{"line":37,"column":15}}],"line":34},"2":{"loc":{"start":{"line":39,"column":7},"end":{"line":43,"column":7}},"type":"binary-expr","locations":[{"start":{"line":39,"column":7},"end":{"line":39,"column":18}},{"start":{"line":39,"column":22},"end":{"line":39,"column":30}},{"start":{"line":40,"column":8},"end":{"line":42,"column":17}}],"line":39}},"s":{"0":7,"1":7,"2":7},"f":{"0":7},"b":{"0":[7,1],"1":[7,1],"2":[7,2,1]},"_coverageSchema":"1a1c01bbd47fc00a2c39e90264f33305004495a9","hash":"55840a24b24afe4afe408b6dc29d2f0d2b3be934"}
,"/home/ricardo/barberpro-mobile/src/components/ui/Avatar.tsx": {"path":"/home/ricardo/barberpro-mobile/src/components/ui/Avatar.tsx","statementMap":{"0":{"start":{"line":13,"column":2},"end":{"line":18,"column":17}},"1":{"start":{"line":15,"column":16},"end":{"line":15,"column":20}},"2":{"start":{"line":22,"column":2},"end":{"line":31,"column":3}},"3":{"start":{"line":23,"column":4},"end":{"line":30,"column":6}},"4":{"start":{"line":33,"column":2},"end":{"line":45,"column":4}}},"fnMap":{"0":{"name":"getInitials","decl":{"start":{"line":12,"column":9},"end":{"line":12,"column":20}},"loc":{"start":{"line":12,"column":43},"end":{"line":19,"column":1}},"line":12},"1":{"name":"(anonymous_1)","decl":{"start":{"line":15,"column":9},"end":{"line":15,"column":10}},"loc":{"start":{"line":15,"column":16},"end":{"line":15,"column":20}},"line":15},"2":{"name":"Avatar","decl":{"start":{"line":21,"column":16},"end":{"line":21,"column":22}},"loc":{"start":{"line":21,"column":76},"end":{"line":46,"column":1}},"line":21}},"branchMap":{"0":{"loc":{"start":{"line":21,"column":39},"end":{"line":21,"column":48}},"type":"default-arg","locations":[{"start":{"line":21,"column":46},"end":{"line":21,"column":48}}],"line":21},"1":{"loc":{"start":{"line":22,"column":2},"end":{"line":31,"column":3}},"type":"if","locations":[{"start":{"line":22,"column":2},"end":{"line":31,"column":3}},{"start":{},"end":{}}],"line":22},"2":{"loc":{"start":{"line":35,"column":72},"end":{"line":35,"column":87}},"type":"binary-expr","locations":[{"start":{"line":35,"column":72},"end":{"line":35,"column":81}},{"start":{"line":35,"column":85},"end":{"line":35,"column":87}}],"line":35}},"s":{"0":5,"1":10,"2":6,"3":1,"4":5},"f":{"0":5,"1":10,"2":6},"b":{"0":[6],"1":[1,5],"2":[5,5]},"_coverageSchema":"1a1c01bbd47fc00a2c39e90264f33305004495a9","hash":"ffde2e6092c99ad5d67e7f0e80d3554e49793abb"}
,"/home/ricardo/barberpro-mobile/src/components/ui/Badge.tsx": {"path":"/home/ricardo/barberpro-mobile/src/components/ui/Badge.tsx","statementMap":{"0":{"start":{"line":12,"column":22},"end":{"line":17,"column":1}},"1":{"start":{"line":19,"column":26},"end":{"line":24,"column":1}},"2":{"start":{"line":33,"column":2},"end":{"line":45,"column":4}}},"fnMap":{"0":{"name":"Badge","decl":{"start":{"line":26,"column":16},"end":{"line":26,"column":21}},"loc":{"start":{"line":32,"column":15},"end":{"line":46,"column":1}},"line":32}},"branchMap":{"0":{"loc":{"start":{"line":28,"column":2},"end":{"line":28,"column":21}},"type":"default-arg","locations":[{"start":{"line":28,"column":12},"end":{"line":28,"column":21}}],"line":28},"1":{"loc":{"start":{"line":35,"column":73},"end":{"line":35,"column":88}},"type":"binary-expr","locations":[{"start":{"line":35,"column":73},"end":{"line":35,"column":82}},{"start":{"line":35,"column":86},"end":{"line":35,"column":88}}],"line":35},"2":{"loc":{"start":{"line":36,"column":13},"end":{"line":36,"column":62}},"type":"cond-expr","locations":[{"start":{"line":36,"column":31},"end":{"line":36,"column":50}},{"start":{"line":36,"column":53},"end":{"line":36,"column":62}}],"line":36},"3":{"loc":{"start":{"line":40,"column":15},"end":{"line":40,"column":44}},"type":"cond-expr","locations":[{"start":{"line":40,"column":23},"end":{"line":40,"column":32}},{"start":{"line":40,"column":35},"end":{"line":40,"column":44}}],"line":40}},"s":{"0":2,"1":2,"2":17},"f":{"0":17},"b":{"0":[16],"1":[17,17],"2":[13,4],"3":[13,4]},"_coverageSchema":"1a1c01bbd47fc00a2c39e90264f33305004495a9","hash":"d9b6eb9ecafd5034fb48dfd2630feb535323ab0d"}
,"/home/ricardo/barberpro-mobile/src/components/ui/Button.tsx": {"path":"/home/ricardo/barberpro-mobile/src/components/ui/Button.tsx","statementMap":{"0":{"start":{"line":16,"column":22},"end":{"line":22,"column":1}},"1":{"start":{"line":24,"column":26},"end":{"line":30,"column":1}},"2":{"start":{"line":32,"column":19},"end":{"line":37,"column":1}},"3":{"start":{"line":39,"column":23},"end":{"line":44,"column":1}},"4":{"start":{"line":55,"column":21},"end":{"line":55,"column":40}},"5":{"start":{"line":57,"column":2},"end":{"line":78,"column":4}}},"fnMap":{"0":{"name":"Button","decl":{"start":{"line":46,"column":16},"end":{"line":46,"column":22}},"loc":{"start":{"line":54,"column":41},"end":{"line":79,"column":1}},"line":54}},"branchMap":{"0":{"loc":{"start":{"line":47,"column":2},"end":{"line":47,"column":21}},"type":"default-arg","locations":[{"start":{"line":47,"column":12},"end":{"line":47,"column":21}}],"line":47},"1":{"loc":{"start":{"line":48,"column":2},"end":{"line":48,"column":18}},"type":"default-arg","locations":[{"start":{"line":48,"column":9},"end":{"line":48,"column":18}}],"line":48},"2":{"loc":{"start":{"line":49,"column":2},"end":{"line":49,"column":17}},"type":"default-arg","locations":[{"start":{"line":49,"column":12},"end":{"line":49,"column":17}}],"line":49},"3":{"loc":{"start":{"line":55,"column":21},"end":{"line":55,"column":40}},"type":"binary-expr","locations":[{"start":{"line":55,"column":21},"end":{"line":55,"column":29}},{"start":{"line":55,"column":33},"end":{"line":55,"column":40}}],"line":55},"4":{"loc":{"start":{"line":59,"column":114},"end":{"line":59,"column":144}},"type":"cond-expr","locations":[{"start":{"line":59,"column":127},"end":{"line":59,"column":139}},{"start":{"line":59,"column":142},"end":{"line":59,"column":144}}],"line":59},"5":{"loc":{"start":{"line":59,"column":148},"end":{"line":59,"column":163}},"type":"binary-expr","locations":[{"start":{"line":59,"column":148},"end":{"line":59,"column":157}},{"start":{"line":59,"column":161},"end":{"line":59,"column":163}}],"line":59},"6":{"loc":{"start":{"line":63,"column":7},"end":{"line":76,"column":7}},"type":"cond-expr","locations":[{"start":{"line":64,"column":8},"end":{"line":67,"column":10}},{"start":{"line":68,"column":10},"end":{"line":76,"column":7}}],"line":63},"7":{"loc":{"start":{"line":66,"column":17},"end":{"line":66,"column":85}},"type":"cond-expr","locations":[{"start":{"line":66,"column":64},"end":{"line":66,"column":73}},{"start":{"line":66,"column":76},"end":{"line":66,"column":85}}],"line":66},"8":{"loc":{"start":{"line":66,"column":17},"end":{"line":66,"column":61}},"type":"binary-expr","locations":[{"start":{"line":66,"column":17},"end":{"line":66,"column":38}},{"start":{"line":66,"column":42},"end":{"line":66,"column":61}}],"line":66},"9":{"loc":{"start":{"line":68,"column":10},"end":{"line":76,"column":7}},"type":"cond-expr","locations":[{"start":{"line":69,"column":8},"end":{"line":73,"column":15}},{"start":{"line":75,"column":8},"end":{"line":75,"column":16}}],"line":68}},"s":{"0":5,"1":5,"2":5,"3":5,"4":68,"5":68},"f":{"0":68},"b":{"0":[64],"1":[64],"2":[8],"3":[68,67],"4":[9,59],"5":[68,6],"6":[8,60],"7":[0,8],"8":[8,8],"9":[60,0]},"_coverageSchema":"1a1c01bbd47fc00a2c39e90264f33305004495a9","hash":"4c3dd209c1a64c60f0e77d4516cbc6d17c347c31"}
,"/home/ricardo/barberpro-mobile/src/components/ui/Card.tsx": {"path":"/home/ricardo/barberpro-mobile/src/components/ui/Card.tsx","statementMap":{"0":{"start":{"line":10,"column":2},"end":{"line":16,"column":4}},"1":{"start":{"line":20,"column":2},"end":{"line":20,"column":71}},"2":{"start":{"line":30,"column":2},"end":{"line":34,"column":4}},"3":{"start":{"line":44,"column":2},"end":{"line":48,"column":4}},"4":{"start":{"line":52,"column":2},"end":{"line":52,"column":61}},"5":{"start":{"line":56,"column":2},"end":{"line":60,"column":4}}},"fnMap":{"0":{"name":"Card","decl":{"start":{"line":9,"column":16},"end":{"line":9,"column":20}},"loc":{"start":{"line":9,"column":57},"end":{"line":17,"column":1}},"line":9},"1":{"name":"CardHeader","decl":{"start":{"line":19,"column":16},"end":{"line":19,"column":26}},"loc":{"start":{"line":19,"column":63},"end":{"line":21,"column":1}},"line":19},"2":{"name":"CardTitle","decl":{"start":{"line":23,"column":16},"end":{"line":23,"column":25}},"loc":{"start":{"line":29,"column":3},"end":{"line":35,"column":1}},"line":29},"3":{"name":"CardDescription","decl":{"start":{"line":37,"column":16},"end":{"line":37,"column":31}},"loc":{"start":{"line":43,"column":3},"end":{"line":49,"column":1}},"line":43},"4":{"name":"CardContent","decl":{"start":{"line":51,"column":16},"end":{"line":51,"column":27}},"loc":{"start":{"line":51,"column":64},"end":{"line":53,"column":1}},"line":51},"5":{"name":"CardFooter","decl":{"start":{"line":55,"column":16},"end":{"line":55,"column":26}},"loc":{"start":{"line":55,"column":63},"end":{"line":61,"column":1}},"line":55}},"branchMap":{"0":{"loc":{"start":{"line":12,"column":64},"end":{"line":12,"column":79}},"type":"binary-expr","locations":[{"start":{"line":12,"column":64},"end":{"line":12,"column":73}},{"start":{"line":12,"column":77},"end":{"line":12,"column":79}}],"line":12},"1":{"loc":{"start":{"line":20,"column":34},"end":{"line":20,"column":49}},"type":"binary-expr","locations":[{"start":{"line":20,"column":34},"end":{"line":20,"column":43}},{"start":{"line":20,"column":47},"end":{"line":20,"column":49}}],"line":20},"2":{"loc":{"start":{"line":31,"column":67},"end":{"line":31,"column":82}},"type":"binary-expr","locations":[{"start":{"line":31,"column":67},"end":{"line":31,"column":76}},{"start":{"line":31,"column":80},"end":{"line":31,"column":82}}],"line":31},"3":{"loc":{"start":{"line":45,"column":54},"end":{"line":45,"column":69}},"type":"binary-expr","locations":[{"start":{"line":45,"column":54},"end":{"line":45,"column":63}},{"start":{"line":45,"column":67},"end":{"line":45,"column":69}}],"line":45},"4":{"loc":{"start":{"line":52,"column":26},"end":{"line":52,"column":41}},"type":"binary-expr","locations":[{"start":{"line":52,"column":26},"end":{"line":52,"column":35}},{"start":{"line":52,"column":39},"end":{"line":52,"column":41}}],"line":52},"5":{"loc":{"start":{"line":57,"column":51},"end":{"line":57,"column":66}},"type":"binary-expr","locations":[{"start":{"line":57,"column":51},"end":{"line":57,"column":60}},{"start":{"line":57,"column":64},"end":{"line":57,"column":66}}],"line":57}},"s":{"0":19,"1":0,"2":0,"3":0,"4":0,"5":0},"f":{"0":19,"1":0,"2":0,"3":0,"4":0,"5":0},"b":{"0":[19,0],"1":[0,0],"2":[0,0],"3":[0,0],"4":[0,0],"5":[0,0]},"_coverageSchema":"1a1c01bbd47fc00a2c39e90264f33305004495a9","hash":"9ee72f60dfd59f36b164917f08036015898e4296"}
,"/home/ricardo/barberpro-mobile/src/components/ui/Input.tsx": {"path":"/home/ricardo/barberpro-mobile/src/components/ui/Input.tsx","statementMap":{"0":{"start":{"line":21,"column":42},"end":{"line":21,"column":57}},"1":{"start":{"line":22,"column":20},"end":{"line":22,"column":30}},"2":{"start":{"line":23,"column":17},"end":{"line":23,"column":30}},"3":{"start":{"line":25,"column":2},"end":{"line":58,"column":4}},"4":{"start":{"line":44,"column":27},"end":{"line":44,"column":57}}},"fnMap":{"0":{"name":"Input","decl":{"start":{"line":14,"column":16},"end":{"line":14,"column":21}},"loc":{"start":{"line":20,"column":15},"end":{"line":59,"column":1}},"line":20},"1":{"name":"(anonymous_1)","decl":{"start":{"line":44,"column":21},"end":{"line":44,"column":22}},"loc":{"start":{"line":44,"column":27},"end":{"line":44,"column":57}},"line":44}},"branchMap":{"0":{"loc":{"start":{"line":26,"column":29},"end":{"line":26,"column":44}},"type":"binary-expr","locations":[{"start":{"line":26,"column":29},"end":{"line":26,"column":38}},{"start":{"line":26,"column":42},"end":{"line":26,"column":44}}],"line":26},"1":{"loc":{"start":{"line":27,"column":7},"end":{"line":31,"column":7}},"type":"binary-expr","locations":[{"start":{"line":27,"column":7},"end":{"line":27,"column":12}},{"start":{"line":28,"column":8},"end":{"line":30,"column":15}}],"line":27},"2":{"loc":{"start":{"line":35,"column":12},"end":{"line":35,"column":57}},"type":"cond-expr","locations":[{"start":{"line":35,"column":20},"end":{"line":35,"column":40}},{"start":{"line":35,"column":43},"end":{"line":35,"column":57}}],"line":35},"3":{"loc":{"start":{"line":38,"column":27},"end":{"line":38,"column":54}},"type":"binary-expr","locations":[{"start":{"line":38,"column":27},"end":{"line":38,"column":37}},{"start":{"line":38,"column":41},"end":{"line":38,"column":54}}],"line":38},"4":{"loc":{"start":{"line":41,"column":9},"end":{"line":52,"column":9}},"type":"binary-expr","locations":[{"start":{"line":41,"column":9},"end":{"line":41,"column":19}},{"start":{"line":42,"column":10},"end":{"line":51,"column":22}}],"line":41},"5":{"loc":{"start":{"line":46,"column":13},"end":{"line":50,"column":13}},"type":"cond-expr","locations":[{"start":{"line":47,"column":14},"end":{"line":47,"column":65}},{"start":{"line":49,"column":14},"end":{"line":49,"column":62}}],"line":46},"6":{"loc":{"start":{"line":54,"column":7},"end":{"line":56,"column":7}},"type":"binary-expr","locations":[{"start":{"line":54,"column":7},"end":{"line":54,"column":12}},{"start":{"line":55,"column":8},"end":{"line":55,"column":70}}],"line":54}},"s":{"0":253,"1":253,"2":253,"3":253,"4":1},"f":{"0":253,"1":1},"b":{"0":[253,253],"1":[253,247],"2":[1,252],"3":[253,104],"4":[253,104],"5":[1,103],"6":[253,1]},"_coverageSchema":"1a1c01bbd47fc00a2c39e90264f33305004495a9","hash":"ce1f6610dac979a218abac8f23e3fb106dd6955a"}
,"/home/ricardo/barberpro-mobile/src/components/ui/ProgressBar.tsx": {"path":"/home/ricardo/barberpro-mobile/src/components/ui/ProgressBar.tsx","statementMap":{"0":{"start":{"line":10,"column":26},"end":{"line":10,"column":62}},"1":{"start":{"line":12,"column":2},"end":{"line":19,"column":4}}},"fnMap":{"0":{"name":"ProgressBar","decl":{"start":{"line":9,"column":16},"end":{"line":9,"column":27}},"loc":{"start":{"line":9,"column":71},"end":{"line":20,"column":1}},"line":9}},"branchMap":{"0":{"loc":{"start":{"line":13,"column":50},"end":{"line":13,"column":65}},"type":"binary-expr","locations":[{"start":{"line":13,"column":50},"end":{"line":13,"column":59}},{"start":{"line":13,"column":63},"end":{"line":13,"column":65}}],"line":13}},"s":{"0":5,"1":5},"f":{"0":5},"b":{"0":[5,5]},"_coverageSchema":"1a1c01bbd47fc00a2c39e90264f33305004495a9","hash":"15b59453938d01f18f2b1309e1a0ec513fd0e57a"}
,"/home/ricardo/barberpro-mobile/src/constants/colors.ts": {"path":"/home/ricardo/barberpro-mobile/src/constants/colors.ts","statementMap":{"0":{"start":{"line":1,"column":22},"end":{"line":34,"column":10}}},"fnMap":{},"branchMap":{},"s":{"0":6},"f":{},"b":{},"_coverageSchema":"1a1c01bbd47fc00a2c39e90264f33305004495a9","hash":"da5ee2bbab01f1e696b57438846a850c2394c4a4"}
,"/home/ricardo/barberpro-mobile/src/constants/status.ts": {"path":"/home/ricardo/barberpro-mobile/src/constants/status.ts","statementMap":{"0":{"start":{"line":3,"column":63},"end":{"line":9,"column":1}},"1":{"start":{"line":11,"column":68},"end":{"line":17,"column":1}},"2":{"start":{"line":19,"column":63},"end":{"line":25,"column":1}}},"fnMap":{},"branchMap":{},"s":{"0":1,"1":1,"2":1},"f":{},"b":{},"_coverageSchema":"1a1c01bbd47fc00a2c39e90264f33305004495a9","hash":"82e99d120f8fa934616e7a0578ec02b88f4bd9ec"}
,"/home/ricardo/barberpro-mobile/src/hooks/use-promotion.ts": {"path":"/home/ricardo/barberpro-mobile/src/hooks/use-promotion.ts","statementMap":{"0":{"start":{"line":17,"column":2},"end":{"line":25,"column":5}},"1":{"start":{"line":20,"column":6},"end":{"line":22,"column":9}},"2":{"start":{"line":29,"column":2},"end":{"line":29,"column":47}},"3":{"start":{"line":29,"column":34},"end":{"line":29,"column":47}},"4":{"start":{"line":30,"column":16},"end":{"line":30,"column":35}},"5":{"start":{"line":31,"column":2},"end":{"line":31,"column":30}},"6":{"start":{"line":39,"column":2},"end":{"line":41,"column":3}},"7":{"start":{"line":40,"column":4},"end":{"line":40,"column":61}},"8":{"start":{"line":43,"column":22},"end":{"line":43,"column":59}},"9":{"start":{"line":44,"column":21},"end":{"line":46,"column":19}},"10":{"start":{"line":48,"column":2},"end":{"line":48,"column":37}}},"fnMap":{"0":{"name":"usePromotion","decl":{"start":{"line":16,"column":16},"end":{"line":16,"column":28}},"loc":{"start":{"line":16,"column":31},"end":{"line":26,"column":1}},"line":16},"1":{"name":"(anonymous_1)","decl":{"start":{"line":19,"column":13},"end":{"line":19,"column":14}},"loc":{"start":{"line":19,"column":25},"end":{"line":23,"column":5}},"line":19},"2":{"name":"isPromoActive","decl":{"start":{"line":28,"column":16},"end":{"line":28,"column":29}},"loc":{"start":{"line":28,"column":76},"end":{"line":32,"column":1}},"line":28},"3":{"name":"getDiscountedPrice","decl":{"start":{"line":34,"column":16},"end":{"line":34,"column":34}},"loc":{"start":{"line":38,"column":48},"end":{"line":49,"column":1}},"line":38}},"branchMap":{"0":{"loc":{"start":{"line":29,"column":2},"end":{"line":29,"column":47}},"type":"if","locations":[{"start":{"line":29,"column":2},"end":{"line":29,"column":47}},{"start":{},"end":{}}],"line":29},"1":{"loc":{"start":{"line":29,"column":6},"end":{"line":29,"column":32}},"type":"binary-expr","locations":[{"start":{"line":29,"column":6},"end":{"line":29,"column":13}},{"start":{"line":29,"column":17},"end":{"line":29,"column":32}}],"line":29},"2":{"loc":{"start":{"line":39,"column":2},"end":{"line":41,"column":3}},"type":"if","locations":[{"start":{"line":39,"column":2},"end":{"line":41,"column":3}},{"start":{},"end":{}}],"line":39},"3":{"loc":{"start":{"line":39,"column":6},"end":{"line":39,"column":39}},"type":"binary-expr","locations":[{"start":{"line":39,"column":6},"end":{"line":39,"column":13}},{"start":{"line":39,"column":17},"end":{"line":39,"column":39}}],"line":39},"4":{"loc":{"start":{"line":44,"column":21},"end":{"line":46,"column":19}},"type":"cond-expr","locations":[{"start":{"line":45,"column":6},"end":{"line":45,"column":50}},{"start":{"line":46,"column":6},"end":{"line":46,"column":19}}],"line":44}},"s":{"0":0,"1":0,"2":9,"3":3,"4":6,"5":6,"6":12,"7":8,"8":4,"9":4,"10":4},"f":{"0":0,"1":0,"2":9,"3":12},"b":{"0":[3,6],"1":[9,8],"2":[8,4],"3":[12,5],"4":[3,1]},"_coverageSchema":"1a1c01bbd47fc00a2c39e90264f33305004495a9","hash":"f94371da72088eae61e9eb43b9dfb7d771008c89"}
,"/home/ricardo/barberpro-mobile/src/lib/api-client.ts": {"path":"/home/ricardo/barberpro-mobile/src/lib/api-client.ts","statementMap":{"0":{"start":{"line":6,"column":4},"end":{"line":6,"column":19}},"1":{"start":{"line":7,"column":4},"end":{"line":7,"column":28}},"2":{"start":{"line":20,"column":64},"end":{"line":20,"column":71}},"3":{"start":{"line":22,"column":42},"end":{"line":25,"column":3}},"4":{"start":{"line":27,"column":2},"end":{"line":32,"column":3}},"5":{"start":{"line":28,"column":18},"end":{"line":28,"column":34}},"6":{"start":{"line":29,"column":4},"end":{"line":31,"column":5}},"7":{"start":{"line":30,"column":6},"end":{"line":30,"column":51}},"8":{"start":{"line":34,"column":14},"end":{"line":34,"column":38}},"9":{"start":{"line":35,"column":19},"end":{"line":35,"column":57}},"10":{"start":{"line":37,"column":2},"end":{"line":40,"column":3}},"11":{"start":{"line":38,"column":4},"end":{"line":38,"column":22}},"12":{"start":{"line":39,"column":4},"end":{"line":39,"column":43}},"13":{"start":{"line":42,"column":2},"end":{"line":47,"column":3}},"14":{"start":{"line":43,"column":18},"end":{"line":45,"column":7}},"15":{"start":{"line":43,"column":53},"end":{"line":45,"column":5}},"16":{"start":{"line":46,"column":4},"end":{"line":46,"column":63}},"17":{"start":{"line":50,"column":15},"end":{"line":50,"column":36}},"18":{"start":{"line":51,"column":2},"end":{"line":51,"column":28}},"19":{"start":{"line":51,"column":13},"end":{"line":51,"column":28}},"20":{"start":{"line":53,"column":2},"end":{"line":53,"column":26}}},"fnMap":{"0":{"name":"(anonymous_0)","decl":{"start":{"line":5,"column":2},"end":{"line":5,"column":3}},"loc":{"start":{"line":5,"column":31},"end":{"line":8,"column":3}},"line":5},"1":{"name":"apiClient","decl":{"start":{"line":16,"column":22},"end":{"line":16,"column":31}},"loc":{"start":{"line":19,"column":14},"end":{"line":54,"column":1}},"line":19},"2":{"name":"(anonymous_2)","decl":{"start":{"line":43,"column":46},"end":{"line":43,"column":47}},"loc":{"start":{"line":43,"column":53},"end":{"line":45,"column":5}},"line":43}},"branchMap":{"0":{"loc":{"start":{"line":18,"column":2},"end":{"line":18,"column":32}},"type":"default-arg","locations":[{"start":{"line":18,"column":30},"end":{"line":18,"column":32}}],"line":18},"1":{"loc":{"start":{"line":20,"column":10},"end":{"line":20,"column":26}},"type":"default-arg","locations":[{"start":{"line":20,"column":21},"end":{"line":20,"column":26}}],"line":20},"2":{"loc":{"start":{"line":27,"column":2},"end":{"line":32,"column":3}},"type":"if","locations":[{"start":{"line":27,"column":2},"end":{"line":32,"column":3}},{"start":{},"end":{}}],"line":27},"3":{"loc":{"start":{"line":29,"column":4},"end":{"line":31,"column":5}},"type":"if","locations":[{"start":{"line":29,"column":4},"end":{"line":31,"column":5}},{"start":{},"end":{}}],"line":29},"4":{"loc":{"start":{"line":37,"column":2},"end":{"line":40,"column":3}},"type":"if","locations":[{"start":{"line":37,"column":2},"end":{"line":40,"column":3}},{"start":{},"end":{}}],"line":37},"5":{"loc":{"start":{"line":42,"column":2},"end":{"line":47,"column":3}},"type":"if","locations":[{"start":{"line":42,"column":2},"end":{"line":47,"column":3}},{"start":{},"end":{}}],"line":42},"6":{"loc":{"start":{"line":46,"column":20},"end":{"line":46,"column":61}},"type":"binary-expr","locations":[{"start":{"line":46,"column":20},"end":{"line":46,"column":31}},{"start":{"line":46,"column":35},"end":{"line":46,"column":61}}],"line":46},"7":{"loc":{"start":{"line":51,"column":2},"end":{"line":51,"column":28}},"type":"if","locations":[{"start":{"line":51,"column":2},"end":{"line":51,"column":28}},{"start":{},"end":{}}],"line":51}},"s":{"0":1,"1":1,"2":8,"3":8,"4":8,"5":7,"6":7,"7":2,"8":8,"9":8,"10":8,"11":1,"12":1,"13":7,"14":2,"15":1,"16":2,"17":5,"18":5,"19":1,"20":4},"f":{"0":1,"1":8,"2":1},"b":{"0":[7],"1":[7],"2":[7,1],"3":[2,5],"4":[1,7],"5":[2,5],"6":[2,0],"7":[1,4]},"_coverageSchema":"1a1c01bbd47fc00a2c39e90264f33305004495a9","hash":"8d33ca88f0f26133252ac163fe5011c2e7ddf33d"}
,"/home/ricardo/barberpro-mobile/src/lib/auth-storage.ts": {"path":"/home/ricardo/barberpro-mobile/src/lib/auth-storage.ts","statementMap":{"0":{"start":{"line":4,"column":18},"end":{"line":4,"column":35}},"1":{"start":{"line":5,"column":17},"end":{"line":5,"column":33}},"2":{"start":{"line":8,"column":2},"end":{"line":8,"column":51}},"3":{"start":{"line":12,"column":2},"end":{"line":12,"column":45}},"4":{"start":{"line":16,"column":2},"end":{"line":16,"column":47}},"5":{"start":{"line":20,"column":2},"end":{"line":20,"column":65}},"6":{"start":{"line":24,"column":15},"end":{"line":24,"column":55}},"7":{"start":{"line":25,"column":2},"end":{"line":25,"column":25}},"8":{"start":{"line":25,"column":13},"end":{"line":25,"column":25}},"9":{"start":{"line":26,"column":2},"end":{"line":30,"column":3}},"10":{"start":{"line":27,"column":4},"end":{"line":27,"column":40}},"11":{"start":{"line":29,"column":4},"end":{"line":29,"column":16}},"12":{"start":{"line":34,"column":2},"end":{"line":34,"column":46}},"13":{"start":{"line":38,"column":2},"end":{"line":38,"column":51}}},"fnMap":{"0":{"name":"saveToken","decl":{"start":{"line":7,"column":22},"end":{"line":7,"column":31}},"loc":{"start":{"line":7,"column":62},"end":{"line":9,"column":1}},"line":7},"1":{"name":"getToken","decl":{"start":{"line":11,"column":22},"end":{"line":11,"column":30}},"loc":{"start":{"line":11,"column":57},"end":{"line":13,"column":1}},"line":11},"2":{"name":"removeToken","decl":{"start":{"line":15,"column":22},"end":{"line":15,"column":33}},"loc":{"start":{"line":15,"column":51},"end":{"line":17,"column":1}},"line":15},"3":{"name":"saveUser","decl":{"start":{"line":19,"column":22},"end":{"line":19,"column":30}},"loc":{"start":{"line":19,"column":62},"end":{"line":21,"column":1}},"line":19},"4":{"name":"getUser","decl":{"start":{"line":23,"column":22},"end":{"line":23,"column":29}},"loc":{"start":{"line":23,"column":58},"end":{"line":31,"column":1}},"line":23},"5":{"name":"removeUser","decl":{"start":{"line":33,"column":22},"end":{"line":33,"column":32}},"loc":{"start":{"line":33,"column":50},"end":{"line":35,"column":1}},"line":33},"6":{"name":"clearAuth","decl":{"start":{"line":37,"column":22},"end":{"line":37,"column":31}},"loc":{"start":{"line":37,"column":49},"end":{"line":39,"column":1}},"line":37}},"branchMap":{"0":{"loc":{"start":{"line":25,"column":2},"end":{"line":25,"column":25}},"type":"if","locations":[{"start":{"line":25,"column":2},"end":{"line":25,"column":25}},{"start":{},"end":{}}],"line":25}},"s":{"0":5,"1":5,"2":3,"3":14,"4":8,"5":3,"6":9,"7":9,"8":5,"9":4,"10":4,"11":1,"12":8,"13":7},"f":{"0":3,"1":14,"2":8,"3":3,"4":9,"5":8,"6":7},"b":{"0":[5,4]},"_coverageSchema":"1a1c01bbd47fc00a2c39e90264f33305004495a9","hash":"ebacfaa7016d27e1463e0ed678c11a3d1607b8fa"}
,"/home/ricardo/barberpro-mobile/src/providers/AuthProvider.tsx": {"path":"/home/ricardo/barberpro-mobile/src/providers/AuthProvider.tsx","statementMap":{"0":{"start":{"line":27,"column":20},"end":{"line":27,"column":73}},"1":{"start":{"line":30,"column":22},"end":{"line":30,"column":38}},"2":{"start":{"line":31,"column":26},"end":{"line":31,"column":57}},"3":{"start":{"line":32,"column":36},"end":{"line":32,"column":50}},"4":{"start":{"line":35,"column":2},"end":{"line":50,"column":9}},"5":{"start":{"line":36,"column":4},"end":{"line":49,"column":9}},"6":{"start":{"line":37,"column":6},"end":{"line":48,"column":7}},"7":{"start":{"line":38,"column":35},"end":{"line":38,"column":77}},"8":{"start":{"line":39,"column":8},"end":{"line":43,"column":9}},"9":{"start":{"line":40,"column":10},"end":{"line":40,"column":29}},"10":{"start":{"line":42,"column":10},"end":{"line":42,"column":28}},"11":{"start":{"line":45,"column":8},"end":{"line":45,"column":26}},"12":{"start":{"line":47,"column":8},"end":{"line":47,"column":28}},"13":{"start":{"line":52,"column":16},"end":{"line":70,"column":19}},"14":{"start":{"line":53,"column":21},"end":{"line":57,"column":6}},"15":{"start":{"line":59,"column":4},"end":{"line":64,"column":5}},"16":{"start":{"line":60,"column":20},"end":{"line":62,"column":9}},"17":{"start":{"line":60,"column":55},"end":{"line":62,"column":7}},"18":{"start":{"line":63,"column":6},"end":{"line":63,"column":64}},"19":{"start":{"line":66,"column":17},"end":{"line":66,"column":38}},"20":{"start":{"line":67,"column":4},"end":{"line":67,"column":68}},"21":{"start":{"line":68,"column":4},"end":{"line":68,"column":24}},"22":{"start":{"line":69,"column":4},"end":{"line":69,"column":23}},"23":{"start":{"line":72,"column":19},"end":{"line":96,"column":3}},"24":{"start":{"line":79,"column":23},"end":{"line":83,"column":8}},"25":{"start":{"line":85,"column":6},"end":{"line":90,"column":7}},"26":{"start":{"line":86,"column":22},"end":{"line":88,"column":11}},"27":{"start":{"line":86,"column":57},"end":{"line":88,"column":9}},"28":{"start":{"line":89,"column":8},"end":{"line":89,"column":63}},"29":{"start":{"line":93,"column":6},"end":{"line":93,"column":45}},"30":{"start":{"line":98,"column":17},"end":{"line":102,"column":19}},"31":{"start":{"line":99,"column":4},"end":{"line":99,"column":22}},"32":{"start":{"line":100,"column":4},"end":{"line":100,"column":24}},"33":{"start":{"line":101,"column":4},"end":{"line":101,"column":18}},"34":{"start":{"line":104,"column":2},"end":{"line":117,"column":4}},"35":{"start":{"line":121,"column":18},"end":{"line":121,"column":41}},"36":{"start":{"line":122,"column":2},"end":{"line":124,"column":3}},"37":{"start":{"line":123,"column":4},"end":{"line":123,"column":67}},"38":{"start":{"line":125,"column":2},"end":{"line":125,"column":17}}},"fnMap":{"0":{"name":"AuthProvider","decl":{"start":{"line":29,"column":16},"end":{"line":29,"column":28}},"loc":{"start":{"line":29,"column":74},"end":{"line":118,"column":1}},"line":29},"1":{"name":"(anonymous_1)","decl":{"start":{"line":35,"column":12},"end":{"line":35,"column":13}},"loc":{"start":{"line":35,"column":18},"end":{"line":50,"column":3}},"line":35},"2":{"name":"(anonymous_2)","decl":{"start":{"line":36,"column":5},"end":{"line":36,"column":6}},"loc":{"start":{"line":36,"column":17},"end":{"line":49,"column":5}},"line":36},"3":{"name":"(anonymous_3)","decl":{"start":{"line":52,"column":28},"end":{"line":52,"column":29}},"loc":{"start":{"line":52,"column":71},"end":{"line":70,"column":3}},"line":52},"4":{"name":"(anonymous_4)","decl":{"start":{"line":60,"column":48},"end":{"line":60,"column":49}},"loc":{"start":{"line":60,"column":55},"end":{"line":62,"column":7}},"line":60},"5":{"name":"(anonymous_5)","decl":{"start":{"line":73,"column":4},"end":{"line":73,"column":5}},"loc":{"start":{"line":78,"column":10},"end":{"line":94,"column":5}},"line":78},"6":{"name":"(anonymous_6)","decl":{"start":{"line":86,"column":50},"end":{"line":86,"column":51}},"loc":{"start":{"line":86,"column":57},"end":{"line":88,"column":9}},"line":86},"7":{"name":"(anonymous_7)","decl":{"start":{"line":98,"column":29},"end":{"line":98,"column":30}},"loc":{"start":{"line":98,"column":41},"end":{"line":102,"column":3}},"line":98},"8":{"name":"useAuth","decl":{"start":{"line":120,"column":16},"end":{"line":120,"column":23}},"loc":{"start":{"line":120,"column":26},"end":{"line":126,"column":1}},"line":120}},"branchMap":{"0":{"loc":{"start":{"line":39,"column":8},"end":{"line":43,"column":9}},"type":"if","locations":[{"start":{"line":39,"column":8},"end":{"line":43,"column":9}},{"start":{"line":41,"column":15},"end":{"line":43,"column":9}}],"line":39},"1":{"loc":{"start":{"line":39,"column":12},"end":{"line":39,"column":30}},"type":"binary-expr","locations":[{"start":{"line":39,"column":12},"end":{"line":39,"column":17}},{"start":{"line":39,"column":21},"end":{"line":39,"column":30}}],"line":39},"2":{"loc":{"start":{"line":59,"column":4},"end":{"line":64,"column":5}},"type":"if","locations":[{"start":{"line":59,"column":4},"end":{"line":64,"column":5}},{"start":{},"end":{}}],"line":59},"3":{"loc":{"start":{"line":63,"column":22},"end":{"line":63,"column":62}},"type":"binary-expr","locations":[{"start":{"line":63,"column":22},"end":{"line":63,"column":33}},{"start":{"line":63,"column":37},"end":{"line":63,"column":62}}],"line":63},"4":{"loc":{"start":{"line":85,"column":6},"end":{"line":90,"column":7}},"type":"if","locations":[{"start":{"line":85,"column":6},"end":{"line":90,"column":7}},{"start":{},"end":{}}],"line":85},"5":{"loc":{"start":{"line":89,"column":24},"end":{"line":89,"column":61}},"type":"binary-expr","locations":[{"start":{"line":89,"column":24},"end":{"line":89,"column":35}},{"start":{"line":89,"column":39},"end":{"line":89,"column":61}}],"line":89},"6":{"loc":{"start":{"line":122,"column":2},"end":{"line":124,"column":3}},"type":"if","locations":[{"start":{"line":122,"column":2},"end":{"line":124,"column":3}},{"start":{},"end":{}}],"line":122}},"s":{"0":1,"1":15,"2":15,"3":15,"4":15,"5":6,"6":6,"7":6,"8":6,"9":2,"10":4,"11":0,"12":6,"13":15,"14":3,"15":3,"16":1,"17":0,"18":1,"19":2,"20":2,"21":2,"22":2,"23":15,"24":1,"25":1,"26":0,"27":0,"28":0,"29":1,"30":15,"31":1,"32":1,"33":1,"34":15,"35":15,"36":15,"37":0,"38":15},"f":{"0":15,"1":6,"2":6,"3":3,"4":0,"5":1,"6":0,"7":1,"8":15},"b":{"0":[2,4],"1":[6,2],"2":[1,2],"3":[1,0],"4":[0,1],"5":[0,0],"6":[0,15]},"_coverageSchema":"1a1c01bbd47fc00a2c39e90264f33305004495a9","hash":"c2cd5b700f7ae86d90c1bf171f9eb0cdc47ec16b"}
,"/home/ricardo/barberpro-mobile/src/providers/BookingProvider.tsx": {"path":"/home/ricardo/barberpro-mobile/src/providers/BookingProvider.tsx","statementMap":{"0":{"start":{"line":24,"column":35},"end":{"line":35,"column":1}},"1":{"start":{"line":37,"column":23},"end":{"line":37,"column":79}},"2":{"start":{"line":40,"column":28},"end":{"line":40,"column":64}},"3":{"start":{"line":42,"column":21},"end":{"line":53,"column":3}},"4":{"start":{"line":44,"column":6},"end":{"line":50,"column":10}},"5":{"start":{"line":44,"column":26},"end":{"line":50,"column":7}},"6":{"start":{"line":55,"column":19},"end":{"line":60,"column":3}},"7":{"start":{"line":57,"column":6},"end":{"line":57,"column":70}},"8":{"start":{"line":57,"column":26},"end":{"line":57,"column":67}},"9":{"start":{"line":62,"column":22},"end":{"line":67,"column":3}},"10":{"start":{"line":64,"column":6},"end":{"line":64,"column":67}},"11":{"start":{"line":64,"column":26},"end":{"line":64,"column":64}},"12":{"start":{"line":69,"column":19},"end":{"line":71,"column":8}},"13":{"start":{"line":70,"column":4},"end":{"line":70,"column":45}},"14":{"start":{"line":70,"column":24},"end":{"line":70,"column":42}},"15":{"start":{"line":73,"column":16},"end":{"line":75,"column":8}},"16":{"start":{"line":74,"column":4},"end":{"line":74,"column":27}},"17":{"start":{"line":77,"column":2},"end":{"line":83,"column":4}},"18":{"start":{"line":87,"column":18},"end":{"line":87,"column":44}},"19":{"start":{"line":88,"column":2},"end":{"line":90,"column":3}},"20":{"start":{"line":89,"column":4},"end":{"line":89,"column":72}},"21":{"start":{"line":91,"column":2},"end":{"line":91,"column":17}}},"fnMap":{"0":{"name":"BookingProvider","decl":{"start":{"line":39,"column":16},"end":{"line":39,"column":31}},"loc":{"start":{"line":39,"column":77},"end":{"line":84,"column":1}},"line":39},"1":{"name":"(anonymous_1)","decl":{"start":{"line":43,"column":4},"end":{"line":43,"column":5}},"loc":{"start":{"line":43,"column":67},"end":{"line":51,"column":5}},"line":43},"2":{"name":"(anonymous_2)","decl":{"start":{"line":44,"column":15},"end":{"line":44,"column":16}},"loc":{"start":{"line":44,"column":26},"end":{"line":50,"column":7}},"line":44},"3":{"name":"(anonymous_3)","decl":{"start":{"line":56,"column":4},"end":{"line":56,"column":5}},"loc":{"start":{"line":56,"column":48},"end":{"line":58,"column":5}},"line":56},"4":{"name":"(anonymous_4)","decl":{"start":{"line":57,"column":15},"end":{"line":57,"column":16}},"loc":{"start":{"line":57,"column":26},"end":{"line":57,"column":67}},"line":57},"5":{"name":"(anonymous_5)","decl":{"start":{"line":63,"column":4},"end":{"line":63,"column":5}},"loc":{"start":{"line":63,"column":59},"end":{"line":65,"column":5}},"line":63},"6":{"name":"(anonymous_6)","decl":{"start":{"line":64,"column":15},"end":{"line":64,"column":16}},"loc":{"start":{"line":64,"column":26},"end":{"line":64,"column":64}},"line":64},"7":{"name":"(anonymous_7)","decl":{"start":{"line":69,"column":31},"end":{"line":69,"column":32}},"loc":{"start":{"line":69,"column":50},"end":{"line":71,"column":3}},"line":69},"8":{"name":"(anonymous_8)","decl":{"start":{"line":70,"column":13},"end":{"line":70,"column":14}},"loc":{"start":{"line":70,"column":24},"end":{"line":70,"column":42}},"line":70},"9":{"name":"(anonymous_9)","decl":{"start":{"line":73,"column":28},"end":{"line":73,"column":29}},"loc":{"start":{"line":73,"column":34},"end":{"line":75,"column":3}},"line":73},"10":{"name":"useBooking","decl":{"start":{"line":86,"column":16},"end":{"line":86,"column":26}},"loc":{"start":{"line":86,"column":29},"end":{"line":92,"column":1}},"line":86}},"branchMap":{"0":{"loc":{"start":{"line":88,"column":2},"end":{"line":90,"column":3}},"type":"if","locations":[{"start":{"line":88,"column":2},"end":{"line":90,"column":3}},{"start":{},"end":{}}],"line":88}},"s":{"0":1,"1":1,"2":15,"3":15,"4":3,"5":3,"6":15,"7":3,"8":3,"9":15,"10":1,"11":1,"12":15,"13":2,"14":2,"15":15,"16":1,"17":15,"18":17,"19":17,"20":2,"21":15},"f":{"0":15,"1":3,"2":3,"3":3,"4":3,"5":1,"6":1,"7":2,"8":2,"9":1,"10":17},"b":{"0":[2,15]},"_coverageSchema":"1a1c01bbd47fc00a2c39e90264f33305004495a9","hash":"c4f32277dbafbbbbc13dd094577f618587a3e3f6"}
}
