TN:
SF:app/(auth)/login.tsx
FN:19,LoginScreen
FN:27,(anonymous_1)
FNF:2
FNH:2
FNDA:13,LoginScreen
FNDA:3,(anonymous_1)
DA:20,13
DA:21,13
DA:22,13
DA:23,13
DA:24,13
DA:25,13
DA:27,13
DA:28,3
DA:29,1
DA:34,1
DA:37,2
DA:38,2
DA:39,2
DA:41,1
DA:47,2
DA:51,13
LF:16
LH:16
BRDA:28,0,0,1
BRDA:28,0,1,2
BRDA:28,1,0,3
BRDA:28,1,1,2
BRDA:55,2,0,13
BRDA:55,2,1,0
BRF:6
BRH:5
end_of_record
TN:
SF:app/(auth)/register.tsx
FN:16,RegisterScreen
FN:25,(anonymous_1)
FNF:2
FNH:2
FNDA:44,RegisterScreen
FNDA:8,(anonymous_1)
DA:17,44
DA:18,44
DA:19,44
DA:20,44
DA:21,44
DA:22,44
DA:23,44
DA:25,44
DA:26,8
DA:27,1
DA:32,1
DA:35,7
DA:36,1
DA:41,1
DA:44,6
DA:45,3
DA:50,3
DA:53,3
DA:54,3
DA:55,3
DA:62,1
DA:68,3
DA:72,44
LF:23
LH:23
BRDA:26,0,0,1
BRDA:26,0,1,7
BRDA:26,1,0,8
BRDA:26,1,1,7
BRDA:26,1,2,7
BRDA:35,2,0,1
BRDA:35,2,1,6
BRDA:44,3,0,3
BRDA:44,3,1,3
BRDA:44,4,0,6
BRDA:44,4,1,5
BRDA:44,4,2,4
BRDA:59,5,0,3
BRDA:59,5,1,2
BRDA:76,6,0,44
BRDA:76,6,1,0
BRF:16
BRH:15
end_of_record
TN:
SF:src/components/appointments/AppointmentCard.tsx
FN:24,AppointmentCard
FN:36,(anonymous_1)
FN:45,(anonymous_2)
FNF:3
FNH:3
FNDA:12,AppointmentCard
FNDA:2,(anonymous_1)
FNDA:1,(anonymous_2)
DA:29,12
DA:30,12
DA:31,12
DA:32,12
DA:34,12
DA:36,12
DA:37,2
DA:45,1
DA:51,12
LF:9
LH:9
BRDA:34,0,0,12
BRDA:34,0,1,3
BRDA:34,0,2,10
BRDA:76,1,0,12
BRDA:76,1,1,12
BRDA:98,2,0,12
BRDA:98,2,1,1
BRDA:106,3,0,12
BRDA:106,3,1,4
BRF:9
BRH:9
end_of_record
TN:
SF:src/components/services/ServiceCard.tsx
FN:19,ServiceCard
FNF:1
FNH:1
FNDA:7,ServiceCard
DA:25,7
DA:26,7
DA:27,7
DA:28,7
DA:34,7
LF:5
LH:5
BRDA:37,0,0,0
BRDA:37,0,1,7
BRDA:39,1,0,1
BRDA:39,1,1,6
BRDA:54,2,0,7
BRDA:54,2,1,7
BRDA:70,3,0,7
BRDA:70,3,1,1
BRF:8
BRH:7
end_of_record
TN:
SF:src/components/shared/EmptyState.tsx
FN:16,EmptyState
FNF:1
FNH:1
FNDA:7,EmptyState
DA:23,7
DA:24,7
DA:26,7
LF:3
LH:3
BRDA:28,0,0,7
BRDA:28,0,1,1
BRDA:34,1,0,7
BRDA:34,1,1,1
BRDA:39,2,0,7
BRDA:39,2,1,2
BRDA:39,2,2,1
BRF:7
BRH:7
end_of_record
TN:
SF:src/components/ui/Avatar.tsx
FN:12,getInitials
FN:15,(anonymous_1)
FN:21,Avatar
FNF:3
FNH:3
FNDA:5,getInitials
FNDA:10,(anonymous_1)
FNDA:6,Avatar
DA:13,5
DA:15,10
DA:22,6
DA:23,1
DA:33,5
LF:5
LH:5
BRDA:21,0,0,6
BRDA:22,1,0,1
BRDA:22,1,1,5
BRDA:35,2,0,5
BRDA:35,2,1,5
BRF:5
BRH:5
end_of_record
TN:
SF:src/components/ui/Badge.tsx
FN:26,Badge
FNF:1
FNH:1
FNDA:17,Badge
DA:12,2
DA:19,2
DA:33,17
LF:3
LH:3
BRDA:28,0,0,16
BRDA:35,1,0,17
BRDA:35,1,1,17
BRDA:36,2,0,13
BRDA:36,2,1,4
BRDA:40,3,0,13
BRDA:40,3,1,4
BRF:7
BRH:7
end_of_record
TN:
SF:src/components/ui/Button.tsx
FN:46,Button
FNF:1
FNH:1
FNDA:68,Button
DA:16,5
DA:24,5
DA:32,5
DA:39,5
DA:55,68
DA:57,68
LF:6
LH:6
BRDA:47,0,0,64
BRDA:48,1,0,64
BRDA:49,2,0,8
BRDA:55,3,0,68
BRDA:55,3,1,67
BRDA:59,4,0,9
BRDA:59,4,1,59
BRDA:59,5,0,68
BRDA:59,5,1,6
BRDA:63,6,0,8
BRDA:63,6,1,60
BRDA:66,7,0,0
BRDA:66,7,1,8
BRDA:66,8,0,8
BRDA:66,8,1,8
BRDA:68,9,0,60
BRDA:68,9,1,0
BRF:17
BRH:15
end_of_record
TN:
SF:src/components/ui/Card.tsx
FN:9,Card
FN:19,CardHeader
FN:23,CardTitle
FN:37,CardDescription
FN:51,CardContent
FN:55,CardFooter
FNF:6
FNH:1
FNDA:19,Card
FNDA:0,CardHeader
FNDA:0,CardTitle
FNDA:0,CardDescription
FNDA:0,CardContent
FNDA:0,CardFooter
DA:10,19
DA:20,0
DA:30,0
DA:44,0
DA:52,0
DA:56,0
LF:6
LH:1
BRDA:12,0,0,19
BRDA:12,0,1,0
BRDA:20,1,0,0
BRDA:20,1,1,0
BRDA:31,2,0,0
BRDA:31,2,1,0
BRDA:45,3,0,0
BRDA:45,3,1,0
BRDA:52,4,0,0
BRDA:52,4,1,0
BRDA:57,5,0,0
BRDA:57,5,1,0
BRF:12
BRH:1
end_of_record
TN:
SF:src/components/ui/Input.tsx
FN:14,Input
FN:44,(anonymous_1)
FNF:2
FNH:2
FNDA:253,Input
FNDA:1,(anonymous_1)
DA:21,253
DA:22,253
DA:23,253
DA:25,253
DA:44,1
LF:5
LH:5
BRDA:26,0,0,253
BRDA:26,0,1,253
BRDA:27,1,0,253
BRDA:27,1,1,247
BRDA:35,2,0,1
BRDA:35,2,1,252
BRDA:38,3,0,253
BRDA:38,3,1,104
BRDA:41,4,0,253
BRDA:41,4,1,104
BRDA:46,5,0,1
BRDA:46,5,1,103
BRDA:54,6,0,253
BRDA:54,6,1,1
BRF:14
BRH:14
end_of_record
TN:
SF:src/components/ui/ProgressBar.tsx
FN:9,ProgressBar
FNF:1
FNH:1
FNDA:5,ProgressBar
DA:10,5
DA:12,5
LF:2
LH:2
BRDA:13,0,0,5
BRDA:13,0,1,5
BRF:2
BRH:2
end_of_record
TN:
SF:src/constants/colors.ts
FNF:0
FNH:0
DA:1,6
LF:1
LH:1
BRF:0
BRH:0
end_of_record
TN:
SF:src/constants/status.ts
FNF:0
FNH:0
DA:3,1
DA:11,1
DA:19,1
LF:3
LH:3
BRF:0
BRH:0
end_of_record
TN:
SF:src/hooks/use-promotion.ts
FN:16,usePromotion
FN:19,(anonymous_1)
FN:28,isPromoActive
FN:34,getDiscountedPrice
FNF:4
FNH:2
FNDA:0,usePromotion
FNDA:0,(anonymous_1)
FNDA:9,isPromoActive
FNDA:12,getDiscountedPrice
DA:17,0
DA:20,0
DA:29,9
DA:30,6
DA:31,6
DA:39,12
DA:40,8
DA:43,4
DA:44,4
DA:48,4
LF:10
LH:8
BRDA:29,0,0,3
BRDA:29,0,1,6
BRDA:29,1,0,9
BRDA:29,1,1,8
BRDA:39,2,0,8
BRDA:39,2,1,4
BRDA:39,3,0,12
BRDA:39,3,1,5
BRDA:44,4,0,3
BRDA:44,4,1,1
BRF:10
BRH:10
end_of_record
TN:
SF:src/lib/api-client.ts
FN:5,(anonymous_0)
FN:16,apiClient
FN:43,(anonymous_2)
FNF:3
FNH:3
FNDA:1,(anonymous_0)
FNDA:8,apiClient
FNDA:1,(anonymous_2)
DA:6,1
DA:7,1
DA:20,8
DA:22,8
DA:27,8
DA:28,7
DA:29,7
DA:30,2
DA:34,8
DA:35,8
DA:37,8
DA:38,1
DA:39,1
DA:42,7
DA:43,2
DA:46,2
DA:50,5
DA:51,5
DA:53,4
LF:19
LH:19
BRDA:18,0,0,7
BRDA:20,1,0,7
BRDA:27,2,0,7
BRDA:27,2,1,1
BRDA:29,3,0,2
BRDA:29,3,1,5
BRDA:37,4,0,1
BRDA:37,4,1,7
BRDA:42,5,0,2
BRDA:42,5,1,5
BRDA:46,6,0,2
BRDA:46,6,1,0
BRDA:51,7,0,1
BRDA:51,7,1,4
BRF:14
BRH:13
end_of_record
TN:
SF:src/lib/auth-storage.ts
FN:7,saveToken
FN:11,getToken
FN:15,removeToken
FN:19,saveUser
FN:23,getUser
FN:33,removeUser
FN:37,clearAuth
FNF:7
FNH:7
FNDA:3,saveToken
FNDA:14,getToken
FNDA:8,removeToken
FNDA:3,saveUser
FNDA:9,getUser
FNDA:8,removeUser
FNDA:7,clearAuth
DA:4,5
DA:5,5
DA:8,3
DA:12,14
DA:16,8
DA:20,3
DA:24,9
DA:25,9
DA:26,4
DA:27,4
DA:29,1
DA:34,8
DA:38,7
LF:13
LH:13
BRDA:25,0,0,5
BRDA:25,0,1,4
BRF:2
BRH:2
end_of_record
TN:
SF:src/providers/AuthProvider.tsx
FN:29,AuthProvider
FN:35,(anonymous_1)
FN:36,(anonymous_2)
FN:52,(anonymous_3)
FN:60,(anonymous_4)
FN:73,(anonymous_5)
FN:86,(anonymous_6)
FN:98,(anonymous_7)
FN:120,useAuth
FNF:9
FNH:7
FNDA:15,AuthProvider
FNDA:6,(anonymous_1)
FNDA:6,(anonymous_2)
FNDA:3,(anonymous_3)
FNDA:0,(anonymous_4)
FNDA:1,(anonymous_5)
FNDA:0,(anonymous_6)
FNDA:1,(anonymous_7)
FNDA:15,useAuth
DA:27,1
DA:30,15
DA:31,15
DA:32,15
DA:35,15
DA:36,6
DA:37,6
DA:38,6
DA:39,6
DA:40,2
DA:42,4
DA:45,0
DA:47,6
DA:52,15
DA:53,3
DA:59,3
DA:60,1
DA:63,1
DA:66,2
DA:67,2
DA:68,2
DA:69,2
DA:72,15
DA:79,1
DA:85,1
DA:86,0
DA:89,0
DA:93,1
DA:98,15
DA:99,1
DA:100,1
DA:101,1
DA:104,15
DA:121,15
DA:122,15
DA:123,0
DA:125,15
LF:37
LH:33
BRDA:39,0,0,2
BRDA:39,0,1,4
BRDA:39,1,0,6
BRDA:39,1,1,2
BRDA:59,2,0,1
BRDA:59,2,1,2
BRDA:63,3,0,1
BRDA:63,3,1,0
BRDA:85,4,0,0
BRDA:85,4,1,1
BRDA:89,5,0,0
BRDA:89,5,1,0
BRDA:122,6,0,0
BRDA:122,6,1,15
BRF:14
BRH:9
end_of_record
TN:
SF:src/providers/BookingProvider.tsx
FN:39,BookingProvider
FN:43,(anonymous_1)
FN:44,(anonymous_2)
FN:56,(anonymous_3)
FN:57,(anonymous_4)
FN:63,(anonymous_5)
FN:64,(anonymous_6)
FN:69,(anonymous_7)
FN:70,(anonymous_8)
FN:73,(anonymous_9)
FN:86,useBooking
FNF:11
FNH:11
FNDA:15,BookingProvider
FNDA:3,(anonymous_1)
FNDA:3,(anonymous_2)
FNDA:3,(anonymous_3)
FNDA:3,(anonymous_4)
FNDA:1,(anonymous_5)
FNDA:1,(anonymous_6)
FNDA:2,(anonymous_7)
FNDA:2,(anonymous_8)
FNDA:1,(anonymous_9)
FNDA:17,useBooking
DA:24,1
DA:37,1
DA:40,15
DA:42,15
DA:44,3
DA:55,15
DA:57,3
DA:62,15
DA:64,1
DA:69,15
DA:70,2
DA:73,15
DA:74,1
DA:77,15
DA:87,17
DA:88,17
DA:89,2
DA:91,15
LF:18
LH:18
BRDA:88,0,0,2
BRDA:88,0,1,15
BRF:2
BRH:2
end_of_record
